<?xml version="1.0" encoding="UTF-8"?>
<!-- Generated by org.testng.reporters.JUnitXMLReporter -->
<testsuite hostname="Kinnu" ignored="0" name="Register" tests="1" failures="1" timestamp="18 Jul 2017 23:12:03 GMT" time="0.007" errors="0">
  <testcase name="doRegisterTest" time="0.002" classname="testcases.RegisterTest">
    <failure type="java.lang.AssertionError" message="The following asserts failed:
	expected [abcd] but found [abcdrtd],
	expected [d] but found [a]">
      <![CDATA[java.lang.AssertionError: The following asserts failed:
	expected [abcd] but found [abcdrtd],
	expected [d] but found [a]
	at testcases.RegisterTest.doRegisterTest(RegisterTest.java:28)
... Removed 25 stack frames]]>
    </failure>
  </testcase> <!-- doRegisterTest -->
</testsuite> <!-- Register -->
